f:\gitworkspace\tom_costumcontroller\qt-customcontrols\progressbar\x64\release\ringprogressbar.obj
f:\gitworkspace\tom_costumcontroller\qt-customcontrols\progressbar\x64\release\progressbar.obj
f:\gitworkspace\tom_costumcontroller\qt-customcontrols\progressbar\x64\release\linearprogressbar.obj
f:\gitworkspace\tom_costumcontroller\qt-customcontrols\progressbar\x64\release\dashboard.obj
f:\gitworkspace\tom_costumcontroller\qt-customcontrols\progressbar\.\generatedfiles\release\moc_rectwaveprogressbar.cpp
f:\gitworkspace\tom_costumcontroller\qt-customcontrols\progressbar\.\generatedfiles\release\moc_rectprogressbar.cpp
f:\gitworkspace\tom_costumcontroller\qt-customcontrols\progressbar\.\generatedfiles\release\moc_waveprogressbar.cpp
f:\gitworkspace\tom_costumcontroller\qt-customcontrols\progressbar\.\generatedfiles\release\moc_ringprogressbar.cpp
f:\gitworkspace\tom_costumcontroller\qt-customcontrols\progressbar\.\generatedfiles\release\moc_dashboard.cpp
f:\gitworkspace\tom_costumcontroller\qt-customcontrols\progressbar\.\generatedfiles\release\moc_linearprogressbar.cpp
f:\gitworkspace\tom_costumcontroller\qt-customcontrols\progressbar\generatedfiles\ui_dashboard.h
f:\gitworkspace\tom_costumcontroller\qt-customcontrols\progressbar\generatedfiles\ui_linearprogressbar.h
f:\gitworkspace\tom_costumcontroller\qt-customcontrols\progressbar\generatedfiles\ui_rectprogressbar.h
f:\gitworkspace\tom_costumcontroller\qt-customcontrols\progressbar\generatedfiles\ui_rectwaveprogressbar.h
f:\gitworkspace\tom_costumcontroller\qt-customcontrols\progressbar\generatedfiles\ui_ringprogressbar.h
f:\gitworkspace\tom_costumcontroller\qt-customcontrols\progressbar\generatedfiles\ui_waveprogressbar.h
f:\gitworkspace\tom_costumcontroller\qt-customcontrols\progressbar\generatedfiles\release\moc_rectwaveprogressbar.cpp
f:\gitworkspace\tom_costumcontroller\qt-customcontrols\progressbar\generatedfiles\release\moc_rectprogressbar.cpp
f:\gitworkspace\tom_costumcontroller\qt-customcontrols\progressbar\generatedfiles\release\moc_waveprogressbar.cpp
f:\gitworkspace\tom_costumcontroller\qt-customcontrols\progressbar\generatedfiles\release\moc_ringprogressbar.cpp
f:\gitworkspace\tom_costumcontroller\qt-customcontrols\progressbar\generatedfiles\release\moc_dashboard.cpp
f:\gitworkspace\tom_costumcontroller\qt-customcontrols\progressbar\generatedfiles\release\moc_linearprogressbar.cpp
f:\gitworkspace\tom_costumcontroller\qt-customcontrols\progressbar\.\generatedfiles\ui_dashboard.h
f:\gitworkspace\tom_costumcontroller\qt-customcontrols\progressbar\.\generatedfiles\ui_linearprogressbar.h
f:\gitworkspace\tom_costumcontroller\qt-customcontrols\progressbar\.\generatedfiles\ui_rectprogressbar.h
f:\gitworkspace\tom_costumcontroller\qt-customcontrols\progressbar\.\generatedfiles\ui_rectwaveprogressbar.h
f:\gitworkspace\tom_costumcontroller\qt-customcontrols\progressbar\.\generatedfiles\ui_ringprogressbar.h
f:\gitworkspace\tom_costumcontroller\qt-customcontrols\progressbar\.\generatedfiles\ui_waveprogressbar.h
f:\gitworkspace\tom_costumcontroller\qt-customcontrols\progressbar\x64\release\vc142.idb
f:\gitworkspace\tom_costumcontroller\qt-customcontrols\progressbar\x64\release\vc142.pdb
f:\gitworkspace\tom_costumcontroller\qt-customcontrols\progressbar\x64\release\progressbar.tlog\cl.22284.write.1.tlog
f:\gitworkspace\tom_costumcontroller\qt-customcontrols\progressbar\x64\release\progressbar.tlog\cl.command.1.tlog
f:\gitworkspace\tom_costumcontroller\qt-customcontrols\progressbar\x64\release\progressbar.tlog\cl.read.1.tlog
f:\gitworkspace\tom_costumcontroller\qt-customcontrols\progressbar\x64\release\progressbar.tlog\moc.read.1u.tlog
f:\gitworkspace\tom_costumcontroller\qt-customcontrols\progressbar\x64\release\progressbar.tlog\moc.write.1u.tlog
f:\gitworkspace\tom_costumcontroller\qt-customcontrols\progressbar\x64\release\progressbar.tlog\progressbar.write.1u.tlog
f:\gitworkspace\tom_costumcontroller\qt-customcontrols\progressbar\x64\release\progressbar.tlog\uic.read.1u.tlog
f:\gitworkspace\tom_costumcontroller\qt-customcontrols\progressbar\x64\release\progressbar.tlog\uic.write.1u.tlog
