  Uic'ing DashBoard.ui...
  Uic'ing LinearProgressBar.ui...
  Uic'ing RectProgressBar.ui...
  Uic'ing RectWaveProgressBar.ui...
  Uic'ing RingProgressBar.ui...
  Uic'ing WaveProgressBar.ui...
  Moc'ing RectWaveProgressBar.h...
  Moc'ing RectProgressBar.h...
  Moc'ing WaveProgressBar.h...
  Moc'ing RingProgressBar.h...
  Moc'ing DashBoard.h...
  Moc'ing LinearProgressBar.h...
  DashBoard.cpp
  LinearProgressBar.cpp
  ProgressBar.cpp
  RectProgressBar.cpp
  RectWaveProgressBar.cpp
  RingProgressBar.cpp
  WaveProgressBar.cpp
  moc_RectWaveProgressBar.cpp
  moc_RectProgressBar.cpp
  moc_WaveProgressBar.cpp
  moc_RingProgressBar.cpp
  moc_DashBoard.cpp
  moc_LinearProgressBar.cpp
    正在创建库 C:\Users\DELL\Desktop\CustomControls\x64\Release\ProgressBar.lib 和对象 C:\Users\DELL\Desktop\CustomControls\x64\Release\ProgressBar.exp
  ProgressBar.vcxproj -> C:\Users\DELL\Desktop\CustomControls\x64\Release\ProgressBar.dll
  ProgressBar.vcxproj -> C:\Users\DELL\Desktop\CustomControls\x64\Release\ProgressBar.pdb (Partial PDB)
