  Uic'ing HandleBarChart.ui...
  Uic'ing HandleLineChart.ui...
  Uic'ing HandlePieChart.ui...
  Uic'ing HandleScatterChart.ui...
  Moc'ing HandleBarChart.h...
  Moc'ing HandleScatterChart.h...
  Moc'ing HandlePieChart.h...
  Moc'ing HandleLineChart.h...
  CommonCharts.cpp
  HandleBarChart.cpp
  HandleLineChart.cpp
  HandlePieChart.cpp
  HandleScatterChart.cpp
  moc_HandleBarChart.cpp
  moc_HandleScatterChart.cpp
  moc_HandlePieChart.cpp
  moc_HandleLineChart.cpp
    正在创建库 C:\Users\DELL\Desktop\CustomControls\x64\Release\CommonCharts.lib 和对象 C:\Users\DELL\Desktop\CustomControls\x64\Release\CommonCharts.exp
  CommonCharts.vcxproj -> C:\Users\DELL\Desktop\CustomControls\x64\Release\CommonCharts.dll
  CommonCharts.vcxproj -> C:\Users\DELL\Desktop\CustomControls\x64\Release\CommonCharts.pdb (Partial PDB)
