c:\users\dell\desktop\customcontrols\commoncharts\x64\release\moc_handlepiechart.obj
c:\users\dell\desktop\customcontrols\commoncharts\x64\release\moc_handlescatterchart.obj
c:\users\dell\desktop\customcontrols\commoncharts\x64\release\handlepiechart.obj
c:\users\dell\desktop\customcontrols\commoncharts\x64\release\moc_handlebarchart.obj
c:\users\dell\desktop\customcontrols\commoncharts\x64\release\commoncharts.obj
c:\users\dell\desktop\customcontrols\commoncharts\x64\release\moc_handlelinechart.obj
c:\users\dell\desktop\customcontrols\commoncharts\x64\release\handlescatterchart.obj
c:\users\dell\desktop\customcontrols\commoncharts\x64\release\handlebarchart.obj
c:\users\dell\desktop\customcontrols\commoncharts\x64\release\handlelinechart.obj
c:\users\dell\desktop\customcontrols\commoncharts\x64\release\vc140.pdb
c:\users\dell\desktop\customcontrols\commoncharts\generatedfiles\ui_handlebarchart.h
c:\users\dell\desktop\customcontrols\commoncharts\generatedfiles\ui_handlelinechart.h
c:\users\dell\desktop\customcontrols\commoncharts\generatedfiles\ui_handlepiechart.h
c:\users\dell\desktop\customcontrols\commoncharts\generatedfiles\ui_handlescatterchart.h
c:\users\dell\desktop\customcontrols\commoncharts\generatedfiles\release\moc_handlebarchart.cpp
c:\users\dell\desktop\customcontrols\commoncharts\generatedfiles\release\moc_handlescatterchart.cpp
c:\users\dell\desktop\customcontrols\commoncharts\generatedfiles\release\moc_handlepiechart.cpp
c:\users\dell\desktop\customcontrols\commoncharts\generatedfiles\release\moc_handlelinechart.cpp
c:\users\dell\desktop\customcontrols\x64\release\commoncharts.lib
c:\users\dell\desktop\customcontrols\x64\release\commoncharts.exp
c:\users\dell\desktop\customcontrols\x64\release\commoncharts.ilk
c:\users\dell\desktop\customcontrols\x64\release\commoncharts.dll
c:\users\dell\desktop\customcontrols\x64\release\commoncharts.pdb
c:\users\dell\desktop\customcontrols\commoncharts\.\generatedfiles\release\moc_handlebarchart.cpp
c:\users\dell\desktop\customcontrols\commoncharts\.\generatedfiles\release\moc_handlescatterchart.cpp
c:\users\dell\desktop\customcontrols\commoncharts\.\generatedfiles\release\moc_handlepiechart.cpp
c:\users\dell\desktop\customcontrols\commoncharts\.\generatedfiles\release\moc_handlelinechart.cpp
c:\users\dell\desktop\customcontrols\commoncharts\.\generatedfiles\ui_handlebarchart.h
c:\users\dell\desktop\customcontrols\commoncharts\.\generatedfiles\ui_handlelinechart.h
c:\users\dell\desktop\customcontrols\commoncharts\.\generatedfiles\ui_handlepiechart.h
c:\users\dell\desktop\customcontrols\commoncharts\.\generatedfiles\ui_handlescatterchart.h
c:\users\dell\desktop\customcontrols\commoncharts\x64\release\vc140.idb
c:\users\dell\desktop\customcontrols\commoncharts\x64\release\commoncharts.tlog\cl.command.1.tlog
c:\users\dell\desktop\customcontrols\commoncharts\x64\release\commoncharts.tlog\cl.read.1.tlog
c:\users\dell\desktop\customcontrols\commoncharts\x64\release\commoncharts.tlog\cl.write.1.tlog
c:\users\dell\desktop\customcontrols\commoncharts\x64\release\commoncharts.tlog\commoncharts.write.1u.tlog
c:\users\dell\desktop\customcontrols\commoncharts\x64\release\commoncharts.tlog\link.command.1.tlog
c:\users\dell\desktop\customcontrols\commoncharts\x64\release\commoncharts.tlog\link.read.1.tlog
c:\users\dell\desktop\customcontrols\commoncharts\x64\release\commoncharts.tlog\link.write.1.tlog
c:\users\dell\desktop\customcontrols\commoncharts\x64\release\commoncharts.tlog\moc.read.1u.tlog
c:\users\dell\desktop\customcontrols\commoncharts\x64\release\commoncharts.tlog\moc.write.1u.tlog
c:\users\dell\desktop\customcontrols\commoncharts\x64\release\commoncharts.tlog\uic.read.1u.tlog
c:\users\dell\desktop\customcontrols\commoncharts\x64\release\commoncharts.tlog\uic.write.1u.tlog
