  Uic'ing CustomSlider.ui...
  Uic'ing CustomSliderStyleOne.ui...
  Uic'ing CustomSliderStyleTwo.ui...
  Uic'ing DoubleHandleSlider.ui...
  Uic'ing StripSlider.ui...
  Uic'ing StripSliderStyleOne.ui...
  Uic'ing StripSliderStyleTwo.ui...
  Uic'ing TipSlider.ui...
  Moc'ing StripSliderStyleTwo.h...
  Moc'ing StripSliderStyleOne.h...
  Moc'ing StripSlider.h...
  Moc'ing TipSlider.h...
  Moc'ing CustomSlider.h...
  Moc'ing DoubleHandleSlider.h...
  Moc'ing SliderBar.h...
  Moc'ing CustomSliderStyleOne.h...
  Moc'ing CustomSliderStyleTwo.h...
  CustomSlider.cpp
  CustomSliderStyleOne.cpp
  CustomSliderStyleTwo.cpp
  DoubleHandleSlider.cpp
  SliderBar.cpp
  StripSlider.cpp
  StripSliderStyleOne.cpp
  StripSliderStyleTwo.cpp
  TipSlider.cpp
  moc_StripSliderStyleTwo.cpp
  moc_StripSliderStyleOne.cpp
  moc_StripSlider.cpp
  moc_TipSlider.cpp
  moc_CustomSlider.cpp
  moc_DoubleHandleSlider.cpp
  moc_SliderBar.cpp
  moc_CustomSliderStyleOne.cpp
  moc_CustomSliderStyleTwo.cpp
    正在创建库 C:\Users\DELL\Desktop\CustomControls\x64\Release\SliderBar.lib 和对象 C:\Users\DELL\Desktop\CustomControls\x64\Release\SliderBar.exp
  SliderBar.vcxproj -> C:\Users\DELL\Desktop\CustomControls\x64\Release\SliderBar.dll
  SliderBar.vcxproj -> C:\Users\DELL\Desktop\CustomControls\x64\Release\SliderBar.pdb (Partial PDB)
