c:\users\dell\desktop\customcontrols\sliderbar\x64\release\sliderbar.obj
c:\users\dell\desktop\customcontrols\sliderbar\x64\release\tipslider.obj
c:\users\dell\desktop\customcontrols\sliderbar\x64\release\stripslider.obj
c:\users\dell\desktop\customcontrols\sliderbar\x64\release\moc_tipslider.obj
c:\users\dell\desktop\customcontrols\sliderbar\x64\release\doublehandleslider.obj
c:\users\dell\desktop\customcontrols\sliderbar\x64\release\moc_stripsliderstyleone.obj
c:\users\dell\desktop\customcontrols\sliderbar\x64\release\moc_customsliderstyletwo.obj
c:\users\dell\desktop\customcontrols\sliderbar\x64\release\stripsliderstyleone.obj
c:\users\dell\desktop\customcontrols\sliderbar\x64\release\moc_sliderbar.obj
c:\users\dell\desktop\customcontrols\sliderbar\x64\release\customsliderstyleone.obj
c:\users\dell\desktop\customcontrols\sliderbar\x64\release\moc_doublehandleslider.obj
c:\users\dell\desktop\customcontrols\sliderbar\x64\release\stripsliderstyletwo.obj
c:\users\dell\desktop\customcontrols\sliderbar\x64\release\moc_customslider.obj
c:\users\dell\desktop\customcontrols\sliderbar\x64\release\customsliderstyletwo.obj
c:\users\dell\desktop\customcontrols\sliderbar\x64\release\moc_stripslider.obj
c:\users\dell\desktop\customcontrols\sliderbar\x64\release\moc_customsliderstyleone.obj
c:\users\dell\desktop\customcontrols\sliderbar\x64\release\customslider.obj
c:\users\dell\desktop\customcontrols\sliderbar\x64\release\moc_stripsliderstyletwo.obj
c:\users\dell\desktop\customcontrols\sliderbar\x64\release\vc140.pdb
c:\users\dell\desktop\customcontrols\x64\release\sliderbar.ilk
c:\users\dell\desktop\customcontrols\x64\release\sliderbar.dll
c:\users\dell\desktop\customcontrols\x64\release\sliderbar.pdb
c:\users\dell\desktop\customcontrols\sliderbar\.\generatedfiles\release\moc_stripsliderstyletwo.cpp
c:\users\dell\desktop\customcontrols\sliderbar\.\generatedfiles\release\moc_stripsliderstyleone.cpp
c:\users\dell\desktop\customcontrols\sliderbar\.\generatedfiles\release\moc_stripslider.cpp
c:\users\dell\desktop\customcontrols\sliderbar\.\generatedfiles\release\moc_tipslider.cpp
c:\users\dell\desktop\customcontrols\sliderbar\.\generatedfiles\release\moc_customslider.cpp
c:\users\dell\desktop\customcontrols\sliderbar\.\generatedfiles\release\moc_doublehandleslider.cpp
c:\users\dell\desktop\customcontrols\sliderbar\.\generatedfiles\release\moc_sliderbar.cpp
c:\users\dell\desktop\customcontrols\sliderbar\.\generatedfiles\release\moc_customsliderstyleone.cpp
c:\users\dell\desktop\customcontrols\sliderbar\.\generatedfiles\release\moc_customsliderstyletwo.cpp
c:\users\dell\desktop\customcontrols\sliderbar\generatedfiles\ui_customslider.h
c:\users\dell\desktop\customcontrols\sliderbar\generatedfiles\ui_customsliderstyleone.h
c:\users\dell\desktop\customcontrols\sliderbar\generatedfiles\ui_customsliderstyletwo.h
c:\users\dell\desktop\customcontrols\sliderbar\generatedfiles\ui_doublehandleslider.h
c:\users\dell\desktop\customcontrols\sliderbar\generatedfiles\ui_stripslider.h
c:\users\dell\desktop\customcontrols\sliderbar\generatedfiles\ui_stripsliderstyleone.h
c:\users\dell\desktop\customcontrols\sliderbar\generatedfiles\ui_stripsliderstyletwo.h
c:\users\dell\desktop\customcontrols\sliderbar\generatedfiles\ui_tipslider.h
c:\users\dell\desktop\customcontrols\sliderbar\generatedfiles\release\moc_stripsliderstyletwo.cpp
c:\users\dell\desktop\customcontrols\sliderbar\generatedfiles\release\moc_stripsliderstyleone.cpp
c:\users\dell\desktop\customcontrols\sliderbar\generatedfiles\release\moc_stripslider.cpp
c:\users\dell\desktop\customcontrols\sliderbar\generatedfiles\release\moc_tipslider.cpp
c:\users\dell\desktop\customcontrols\sliderbar\generatedfiles\release\moc_customslider.cpp
c:\users\dell\desktop\customcontrols\sliderbar\generatedfiles\release\moc_doublehandleslider.cpp
c:\users\dell\desktop\customcontrols\sliderbar\generatedfiles\release\moc_sliderbar.cpp
c:\users\dell\desktop\customcontrols\sliderbar\generatedfiles\release\moc_customsliderstyleone.cpp
c:\users\dell\desktop\customcontrols\sliderbar\generatedfiles\release\moc_customsliderstyletwo.cpp
c:\users\dell\desktop\customcontrols\x64\release\sliderbar.lib
c:\users\dell\desktop\customcontrols\x64\release\sliderbar.exp
c:\users\dell\desktop\customcontrols\sliderbar\.\generatedfiles\ui_customslider.h
c:\users\dell\desktop\customcontrols\sliderbar\.\generatedfiles\ui_customsliderstyleone.h
c:\users\dell\desktop\customcontrols\sliderbar\.\generatedfiles\ui_customsliderstyletwo.h
c:\users\dell\desktop\customcontrols\sliderbar\.\generatedfiles\ui_doublehandleslider.h
c:\users\dell\desktop\customcontrols\sliderbar\.\generatedfiles\ui_stripslider.h
c:\users\dell\desktop\customcontrols\sliderbar\.\generatedfiles\ui_stripsliderstyleone.h
c:\users\dell\desktop\customcontrols\sliderbar\.\generatedfiles\ui_stripsliderstyletwo.h
c:\users\dell\desktop\customcontrols\sliderbar\.\generatedfiles\ui_tipslider.h
c:\users\dell\desktop\customcontrols\sliderbar\x64\release\vc140.idb
c:\users\dell\desktop\customcontrols\sliderbar\x64\release\sliderbar.tlog\cl.command.1.tlog
c:\users\dell\desktop\customcontrols\sliderbar\x64\release\sliderbar.tlog\cl.read.1.tlog
c:\users\dell\desktop\customcontrols\sliderbar\x64\release\sliderbar.tlog\cl.write.1.tlog
c:\users\dell\desktop\customcontrols\sliderbar\x64\release\sliderbar.tlog\link.command.1.tlog
c:\users\dell\desktop\customcontrols\sliderbar\x64\release\sliderbar.tlog\link.read.1.tlog
c:\users\dell\desktop\customcontrols\sliderbar\x64\release\sliderbar.tlog\link.write.1.tlog
c:\users\dell\desktop\customcontrols\sliderbar\x64\release\sliderbar.tlog\moc.read.1u.tlog
c:\users\dell\desktop\customcontrols\sliderbar\x64\release\sliderbar.tlog\moc.write.1u.tlog
c:\users\dell\desktop\customcontrols\sliderbar\x64\release\sliderbar.tlog\sliderbar.write.1u.tlog
c:\users\dell\desktop\customcontrols\sliderbar\x64\release\sliderbar.tlog\uic.read.1u.tlog
c:\users\dell\desktop\customcontrols\sliderbar\x64\release\sliderbar.tlog\uic.write.1u.tlog
