c:\users\dell\desktop\workspace\customslider\customslider\x64\release\customslider.obj
c:\users\dell\desktop\workspace\customslider\customslider\x64\release\moc_customslider.obj
c:\users\dell\desktop\workspace\customslider\customslider\x64\release\vc140.pdb
c:\users\dell\desktop\workspace\customslider\customslider\generatedfiles\ui_customslider.h
c:\users\dell\desktop\workspace\customslider\customslider\generatedfiles\release\moc_customslider.cpp
c:\users\dell\desktop\workspace\customslider\x64\release\customslider.lib
c:\users\dell\desktop\workspace\customslider\x64\release\customslider.exp
c:\users\dell\desktop\workspace\customslider\x64\release\customslider.ilk
c:\users\dell\desktop\workspace\customslider\x64\release\customslider.dll
c:\users\dell\desktop\workspace\customslider\x64\release\customslider.pdb
c:\users\dell\desktop\workspace\customslider\customslider\.\generatedfiles\release\moc_customslider.cpp
c:\users\dell\desktop\workspace\customslider\customslider\.\generatedfiles\ui_customslider.h
c:\users\dell\desktop\workspace\customcontrols\allcontrols\sliderbar\customslider\x64\release\customslider.obj
c:\users\dell\desktop\workspace\customcontrols\allcontrols\sliderbar\customslider\x64\release\moc_customslider.obj
c:\users\dell\desktop\workspace\customcontrols\allcontrols\sliderbar\customslider\x64\release\vc140.idb
c:\users\dell\desktop\workspace\customcontrols\allcontrols\sliderbar\customslider\x64\release\vc140.pdb
c:\users\dell\desktop\workspace\customcontrols\allcontrols\sliderbar\customslider\x64\release\customslider.tlog\cl.command.1.tlog
c:\users\dell\desktop\workspace\customcontrols\allcontrols\sliderbar\customslider\x64\release\customslider.tlog\cl.read.1.tlog
c:\users\dell\desktop\workspace\customcontrols\allcontrols\sliderbar\customslider\x64\release\customslider.tlog\cl.write.1.tlog
c:\users\dell\desktop\workspace\customcontrols\allcontrols\sliderbar\customslider\x64\release\customslider.tlog\customslider.write.1u.tlog
c:\users\dell\desktop\workspace\customcontrols\allcontrols\sliderbar\customslider\x64\release\customslider.tlog\link.command.1.tlog
c:\users\dell\desktop\workspace\customcontrols\allcontrols\sliderbar\customslider\x64\release\customslider.tlog\link.read.1.tlog
c:\users\dell\desktop\workspace\customcontrols\allcontrols\sliderbar\customslider\x64\release\customslider.tlog\link.write.1.tlog
c:\users\dell\desktop\workspace\customcontrols\allcontrols\sliderbar\customslider\x64\release\customslider.tlog\moc.read.1u.tlog
c:\users\dell\desktop\workspace\customcontrols\allcontrols\sliderbar\customslider\x64\release\customslider.tlog\moc.write.1u.tlog
c:\users\dell\desktop\workspace\customcontrols\allcontrols\sliderbar\customslider\x64\release\customslider.tlog\uic.read.1u.tlog
c:\users\dell\desktop\workspace\customcontrols\allcontrols\sliderbar\customslider\x64\release\customslider.tlog\uic.write.1u.tlog
