f:\gitworkspace\tom_costumcontroller\qt-customcontrols\animation\generatedfiles\ui_rxturnpan.h
f:\gitworkspace\tom_costumcontroller\qt-customcontrols\animation\generatedfiles\release\moc_rxturnpan.cpp
f:\gitworkspace\tom_costumcontroller\qt-customcontrols\x64\release\animation.lib
f:\gitworkspace\tom_costumcontroller\qt-customcontrols\x64\release\animation.exp
f:\gitworkspace\tom_costumcontroller\qt-customcontrols\animation\x64\release\moc_rxturnpan.obj
f:\gitworkspace\tom_costumcontroller\qt-customcontrols\animation\x64\release\rxturnpan.obj
f:\gitworkspace\tom_costumcontroller\qt-customcontrols\animation\x64\release\animation.obj
f:\gitworkspace\tom_costumcontroller\qt-customcontrols\x64\release\animation.dll
f:\gitworkspace\tom_costumcontroller\qt-customcontrols\animation\.\generatedfiles\release\moc_rxturnpan.cpp
f:\gitworkspace\tom_costumcontroller\qt-customcontrols\animation\.\generatedfiles\ui_rxturnpan.h
f:\gitworkspace\tom_costumcontroller\qt-customcontrols\animation\x64\release\animation.tlog\animation.write.1u.tlog
f:\gitworkspace\tom_costumcontroller\qt-customcontrols\animation\x64\release\animation.tlog\cl.command.1.tlog
f:\gitworkspace\tom_costumcontroller\qt-customcontrols\animation\x64\release\animation.tlog\cl.read.1.tlog
f:\gitworkspace\tom_costumcontroller\qt-customcontrols\animation\x64\release\animation.tlog\cl.write.1.tlog
f:\gitworkspace\tom_costumcontroller\qt-customcontrols\animation\x64\release\animation.tlog\link.command.1.tlog
f:\gitworkspace\tom_costumcontroller\qt-customcontrols\animation\x64\release\animation.tlog\link.delete.1.tlog
f:\gitworkspace\tom_costumcontroller\qt-customcontrols\animation\x64\release\animation.tlog\link.read.1.tlog
f:\gitworkspace\tom_costumcontroller\qt-customcontrols\animation\x64\release\animation.tlog\link.write.1.tlog
f:\gitworkspace\tom_costumcontroller\qt-customcontrols\animation\x64\release\animation.tlog\moc.read.1u.tlog
f:\gitworkspace\tom_costumcontroller\qt-customcontrols\animation\x64\release\animation.tlog\moc.write.1u.tlog
f:\gitworkspace\tom_costumcontroller\qt-customcontrols\animation\x64\release\animation.tlog\uic.read.1u.tlog
f:\gitworkspace\tom_costumcontroller\qt-customcontrols\animation\x64\release\animation.tlog\uic.write.1u.tlog
