f:\gitworkspace\tom_costumcontroller\qt-customcontrols\panel\x64\release\custompanel.obj
f:\gitworkspace\tom_costumcontroller\qt-customcontrols\panel\x64\release\semicirclepanel.obj
f:\gitworkspace\tom_costumcontroller\qt-customcontrols\panel\x64\release\panel.obj
f:\gitworkspace\tom_costumcontroller\qt-customcontrols\panel\x64\release\netspeedpanel.obj
f:\gitworkspace\tom_costumcontroller\qt-customcontrols\panel\x64\release\vc142.pdb
f:\gitworkspace\tom_costumcontroller\qt-customcontrols\panel\x64\release\moc_netspeedpanel.obj
f:\gitworkspace\tom_costumcontroller\qt-customcontrols\panel\x64\release\moc_custompanel.obj
f:\gitworkspace\tom_costumcontroller\qt-customcontrols\panel\x64\release\moc_semicirclepanel.obj
f:\gitworkspace\tom_costumcontroller\qt-customcontrols\x64\release\panel.ilk
f:\gitworkspace\tom_costumcontroller\qt-customcontrols\x64\release\panel.dll
f:\gitworkspace\tom_costumcontroller\qt-customcontrols\x64\release\panel.pdb
f:\gitworkspace\tom_costumcontroller\qt-customcontrols\panel\x64\release\moc\moc_semicirclepanel.cpp
f:\gitworkspace\tom_costumcontroller\qt-customcontrols\panel\x64\release\moc\moc_custompanel.cpp
f:\gitworkspace\tom_costumcontroller\qt-customcontrols\panel\x64\release\moc\moc_netspeedpanel.cpp
f:\gitworkspace\tom_costumcontroller\qt-customcontrols\panel\x64\release\uic\ui_custompanel.h
f:\gitworkspace\tom_costumcontroller\qt-customcontrols\panel\x64\release\uic\ui_netspeedpanel.h
f:\gitworkspace\tom_costumcontroller\qt-customcontrols\panel\x64\release\uic\ui_semicirclepanel.h
f:\gitworkspace\tom_costumcontroller\qt-customcontrols\x64\release\panel.lib
f:\gitworkspace\tom_costumcontroller\qt-customcontrols\x64\release\panel.exp
f:\gitworkspace\tom_costumcontroller\qt-customcontrols\panel\x64\release\vc142.idb
f:\gitworkspace\tom_costumcontroller\qt-customcontrols\panel\x64\release\panel.tlog\cl.19812.write.1.tlog
f:\gitworkspace\tom_costumcontroller\qt-customcontrols\panel\x64\release\panel.tlog\cl.command.1.tlog
f:\gitworkspace\tom_costumcontroller\qt-customcontrols\panel\x64\release\panel.tlog\cl.read.1.tlog
f:\gitworkspace\tom_costumcontroller\qt-customcontrols\panel\x64\release\panel.tlog\link.command.1.tlog
f:\gitworkspace\tom_costumcontroller\qt-customcontrols\panel\x64\release\panel.tlog\link.delete.1.tlog
f:\gitworkspace\tom_costumcontroller\qt-customcontrols\panel\x64\release\panel.tlog\link.read.1.tlog
f:\gitworkspace\tom_costumcontroller\qt-customcontrols\panel\x64\release\panel.tlog\link.write.1.tlog
f:\gitworkspace\tom_costumcontroller\qt-customcontrols\panel\x64\release\panel.tlog\moc.read.1u.tlog
f:\gitworkspace\tom_costumcontroller\qt-customcontrols\panel\x64\release\panel.tlog\moc.write.1u.tlog
f:\gitworkspace\tom_costumcontroller\qt-customcontrols\panel\x64\release\panel.tlog\panel.write.1u.tlog
f:\gitworkspace\tom_costumcontroller\qt-customcontrols\panel\x64\release\panel.tlog\uic.read.1u.tlog
f:\gitworkspace\tom_costumcontroller\qt-customcontrols\panel\x64\release\panel.tlog\uic.write.1u.tlog
