f:\gitworkspace\tom_costumcontroller\qt-customcontrols\customcontrols\x64\release\trianglelabwidget.obj
f:\gitworkspace\tom_costumcontroller\qt-customcontrols\customcontrols\x64\release\main.obj
f:\gitworkspace\tom_costumcontroller\qt-customcontrols\customcontrols\generatedfiles\ui_customcontrols.h
f:\gitworkspace\tom_costumcontroller\qt-customcontrols\customcontrols\generatedfiles\ui_trianglelabwidget.h
f:\gitworkspace\tom_costumcontroller\qt-customcontrols\customcontrols\generatedfiles\qrc_customcontrols.cpp
f:\gitworkspace\tom_costumcontroller\qt-customcontrols\customcontrols\generatedfiles\release\moc_customcontrols.cpp
f:\gitworkspace\tom_costumcontroller\qt-customcontrols\customcontrols\generatedfiles\release\moc_trianglelabwidget.cpp
f:\gitworkspace\tom_costumcontroller\qt-customcontrols\customcontrols\.\generatedfiles\release\moc_customcontrols.cpp
f:\gitworkspace\tom_costumcontroller\qt-customcontrols\customcontrols\.\generatedfiles\release\moc_trianglelabwidget.cpp
f:\gitworkspace\tom_costumcontroller\qt-customcontrols\customcontrols\.\generatedfiles\qrc_customcontrols.cpp
f:\gitworkspace\tom_costumcontroller\qt-customcontrols\customcontrols\.\generatedfiles\ui_customcontrols.h
f:\gitworkspace\tom_costumcontroller\qt-customcontrols\customcontrols\.\generatedfiles\ui_trianglelabwidget.h
f:\gitworkspace\tom_costumcontroller\qt-customcontrols\customcontrols\x64\release\vc142.idb
f:\gitworkspace\tom_costumcontroller\qt-customcontrols\customcontrols\x64\release\vc142.pdb
f:\gitworkspace\tom_costumcontroller\qt-customcontrols\customcontrols\x64\release\customcontrols.tlog\cl.20024.write.1.tlog
f:\gitworkspace\tom_costumcontroller\qt-customcontrols\customcontrols\x64\release\customcontrols.tlog\cl.command.1.tlog
f:\gitworkspace\tom_costumcontroller\qt-customcontrols\customcontrols\x64\release\customcontrols.tlog\cl.read.1.tlog
f:\gitworkspace\tom_costumcontroller\qt-customcontrols\customcontrols\x64\release\customcontrols.tlog\customcontrols.write.1u.tlog
f:\gitworkspace\tom_costumcontroller\qt-customcontrols\customcontrols\x64\release\customcontrols.tlog\moc.read.1u.tlog
f:\gitworkspace\tom_costumcontroller\qt-customcontrols\customcontrols\x64\release\customcontrols.tlog\moc.write.1u.tlog
f:\gitworkspace\tom_costumcontroller\qt-customcontrols\customcontrols\x64\release\customcontrols.tlog\rcc.read.1u.tlog
f:\gitworkspace\tom_costumcontroller\qt-customcontrols\customcontrols\x64\release\customcontrols.tlog\rcc.write.1u.tlog
f:\gitworkspace\tom_costumcontroller\qt-customcontrols\customcontrols\x64\release\customcontrols.tlog\uic.read.1u.tlog
f:\gitworkspace\tom_costumcontroller\qt-customcontrols\customcontrols\x64\release\customcontrols.tlog\uic.write.1u.tlog
