f:\gitworkspace\tom_costumcontroller\qt-customcontrols\customwin\x64\release\customwin.obj
f:\gitworkspace\tom_costumcontroller\qt-customcontrols\customwin\x64\release\rxtoolmodewid.obj
f:\gitworkspace\tom_costumcontroller\qt-customcontrols\customwin\x64\release\uic\ui_loginavatarwid.h
f:\gitworkspace\tom_costumcontroller\qt-customcontrols\customwin\x64\release\uic\ui_loginstatewid.h
f:\gitworkspace\tom_costumcontroller\qt-customcontrols\customwin\x64\release\uic\ui_loginwin.h
f:\gitworkspace\tom_costumcontroller\qt-customcontrols\customwin\x64\release\uic\ui_rxtoolmodewid.h
f:\gitworkspace\tom_costumcontroller\qt-customcontrols\customwin\x64\release\uic\ui_rxtools.h
f:\gitworkspace\tom_costumcontroller\qt-customcontrols\customwin\x64\release\rcc\qrc_panda_chat.cpp
f:\gitworkspace\tom_costumcontroller\qt-customcontrols\customwin\x64\release\rcc\qrc_tools_win_resource.cpp
f:\gitworkspace\tom_costumcontroller\qt-customcontrols\customwin\x64\release\moc\moc_loginavatarwid.cpp
f:\gitworkspace\tom_costumcontroller\qt-customcontrols\customwin\x64\release\moc\moc_loginstatewid.cpp
f:\gitworkspace\tom_costumcontroller\qt-customcontrols\customwin\x64\release\moc\moc_loginwin.cpp
f:\gitworkspace\tom_costumcontroller\qt-customcontrols\customwin\x64\release\moc\moc_rxtools.cpp
f:\gitworkspace\tom_costumcontroller\qt-customcontrols\customwin\x64\release\moc\moc_rxtoolmodewid.cpp
f:\gitworkspace\tom_costumcontroller\qt-customcontrols\customwin\x64\release\vc142.idb
f:\gitworkspace\tom_costumcontroller\qt-customcontrols\customwin\x64\release\vc142.pdb
f:\gitworkspace\tom_costumcontroller\qt-customcontrols\customwin\x64\release\customwin.tlog\cl.16644.write.1.tlog
f:\gitworkspace\tom_costumcontroller\qt-customcontrols\customwin\x64\release\customwin.tlog\cl.command.1.tlog
f:\gitworkspace\tom_costumcontroller\qt-customcontrols\customwin\x64\release\customwin.tlog\cl.read.1.tlog
f:\gitworkspace\tom_costumcontroller\qt-customcontrols\customwin\x64\release\customwin.tlog\customwin.write.1u.tlog
f:\gitworkspace\tom_costumcontroller\qt-customcontrols\customwin\x64\release\customwin.tlog\moc.read.1u.tlog
f:\gitworkspace\tom_costumcontroller\qt-customcontrols\customwin\x64\release\customwin.tlog\moc.write.1u.tlog
f:\gitworkspace\tom_costumcontroller\qt-customcontrols\customwin\x64\release\customwin.tlog\rcc.read.1u.tlog
f:\gitworkspace\tom_costumcontroller\qt-customcontrols\customwin\x64\release\customwin.tlog\rcc.write.1u.tlog
f:\gitworkspace\tom_costumcontroller\qt-customcontrols\customwin\x64\release\customwin.tlog\uic.read.1u.tlog
f:\gitworkspace\tom_costumcontroller\qt-customcontrols\customwin\x64\release\customwin.tlog\uic.write.1u.tlog
