d:\tom\tomprojects\projects\customcontrols\btncontrols\x64\release\uic\ui_dropdownmenu.h
d:\tom\tomprojects\projects\customcontrols\btncontrols\x64\release\uic\ui_rxdateselectpage.h
d:\tom\tomprojects\projects\customcontrols\btncontrols\x64\release\moc\moc_rxdateselectpage.cpp
d:\tom\tomprojects\projects\customcontrols\btncontrols\x64\release\moc\moc_dropdownmenu.cpp
d:\tom\tomprojects\projects\customcontrols\x64\release\btncontrols.lib
d:\tom\tomprojects\projects\customcontrols\x64\release\btncontrols.exp
d:\tom\tomprojects\projects\customcontrols\btncontrols\x64\release\rxdateselectpage.obj
d:\tom\tomprojects\projects\customcontrols\btncontrols\x64\release\btncontrols.obj
d:\tom\tomprojects\projects\customcontrols\btncontrols\x64\release\dropdownmenu.obj
d:\tom\tomprojects\projects\customcontrols\btncontrols\x64\release\vc140.pdb
d:\tom\tomprojects\projects\customcontrols\btncontrols\x64\release\moc_dropdownmenu.obj
d:\tom\tomprojects\projects\customcontrols\btncontrols\x64\release\moc_rxdateselectpage.obj
d:\tom\tomprojects\projects\customcontrols\x64\release\btncontrols.ilk
d:\tom\tomprojects\projects\customcontrols\x64\release\btncontrols.dll
d:\tom\tomprojects\projects\customcontrols\x64\release\btncontrols.pdb
d:\tom\tomprojects\projects\customcontrols\btncontrols\x64\release\\moc\moc_rxdateselectpage.cpp
d:\tom\tomprojects\projects\customcontrols\btncontrols\x64\release\\moc\moc_dropdownmenu.cpp
d:\tom\tomprojects\projects\customcontrols\btncontrols\x64\release\\uic\ui_dropdownmenu.h
d:\tom\tomprojects\projects\customcontrols\btncontrols\x64\release\\uic\ui_rxdateselectpage.h
d:\tom\tomprojects\projects\customcontrols\btncontrols\x64\release\vc140.idb
d:\tom\tomprojects\projects\customcontrols\btncontrols\x64\release\btncontrols.tlog\btncontrols.write.1u.tlog
d:\tom\tomprojects\projects\customcontrols\btncontrols\x64\release\btncontrols.tlog\cl.command.1.tlog
d:\tom\tomprojects\projects\customcontrols\btncontrols\x64\release\btncontrols.tlog\cl.read.1.tlog
d:\tom\tomprojects\projects\customcontrols\btncontrols\x64\release\btncontrols.tlog\cl.write.1.tlog
d:\tom\tomprojects\projects\customcontrols\btncontrols\x64\release\btncontrols.tlog\link.command.1.tlog
d:\tom\tomprojects\projects\customcontrols\btncontrols\x64\release\btncontrols.tlog\link.read.1.tlog
d:\tom\tomprojects\projects\customcontrols\btncontrols\x64\release\btncontrols.tlog\link.write.1.tlog
d:\tom\tomprojects\projects\customcontrols\btncontrols\x64\release\btncontrols.tlog\moc.read.1u.tlog
d:\tom\tomprojects\projects\customcontrols\btncontrols\x64\release\btncontrols.tlog\moc.write.1u.tlog
d:\tom\tomprojects\projects\customcontrols\btncontrols\x64\release\btncontrols.tlog\uic.read.1u.tlog
d:\tom\tomprojects\projects\customcontrols\btncontrols\x64\release\btncontrols.tlog\uic.write.1u.tlog
