c:\users\dell\desktop\workspace\customslider\dashboard\x64\release\moc_dashboard.obj
c:\users\dell\desktop\workspace\customslider\dashboard\x64\release\dashboard.obj
c:\users\dell\desktop\workspace\customslider\dashboard\x64\release\vc140.pdb
c:\users\dell\desktop\workspace\customslider\dashboard\generatedfiles\ui_dashboard.h
c:\users\dell\desktop\workspace\customslider\dashboard\generatedfiles\release\moc_dashboard.cpp
c:\users\dell\desktop\workspace\customslider\x64\release\dashboard.lib
c:\users\dell\desktop\workspace\customslider\x64\release\dashboard.exp
c:\users\dell\desktop\workspace\customslider\x64\release\dashboard.ilk
c:\users\dell\desktop\workspace\customslider\x64\release\dashboard.dll
c:\users\dell\desktop\workspace\customslider\x64\release\dashboard.pdb
c:\users\dell\desktop\workspace\customslider\dashboard\.\generatedfiles\release\moc_dashboard.cpp
c:\users\dell\desktop\workspace\customslider\dashboard\.\generatedfiles\ui_dashboard.h
c:\users\dell\desktop\workspace\customslider\dashboard\x64\release\vc140.idb
c:\users\dell\desktop\workspace\customslider\dashboard\x64\release\dashboard.tlog\cl.command.1.tlog
c:\users\dell\desktop\workspace\customslider\dashboard\x64\release\dashboard.tlog\cl.read.1.tlog
c:\users\dell\desktop\workspace\customslider\dashboard\x64\release\dashboard.tlog\cl.write.1.tlog
c:\users\dell\desktop\workspace\customslider\dashboard\x64\release\dashboard.tlog\dashboard.write.1u.tlog
c:\users\dell\desktop\workspace\customslider\dashboard\x64\release\dashboard.tlog\link.command.1.tlog
c:\users\dell\desktop\workspace\customslider\dashboard\x64\release\dashboard.tlog\link.read.1.tlog
c:\users\dell\desktop\workspace\customslider\dashboard\x64\release\dashboard.tlog\link.write.1.tlog
c:\users\dell\desktop\workspace\customslider\dashboard\x64\release\dashboard.tlog\moc.read.1u.tlog
c:\users\dell\desktop\workspace\customslider\dashboard\x64\release\dashboard.tlog\moc.write.1u.tlog
c:\users\dell\desktop\workspace\customslider\dashboard\x64\release\dashboard.tlog\uic.read.1u.tlog
c:\users\dell\desktop\workspace\customslider\dashboard\x64\release\dashboard.tlog\uic.write.1u.tlog
